;  LST file generated by mikroListExporter - v.2.0 
; Date/Time: 8/1/2023 10:59:07 AM
;----------------------------------------------

;Address Opcode 	ASM
0x0000	0x2829      	GOTO       41
_interrupt:
0x0004	0x00FF      	MOVWF      R15
0x0005	0x0E03      	SWAPF      STATUS, 0
0x0006	0x0183      	CLRF       STATUS
0x0007	0x00D0      	MOVWF      ___saveSTATUS
0x0008	0x080A      	MOVF       PCLATH, 0
0x0009	0x00CF      	MOVWF      ___savePCLATH
0x000A	0x018A      	CLRF       PCLATH
;flasher.c,6 :: 		void interrupt(){
;flasher.c,8 :: 		if( intf_bit==1 ){
0x000B	0x1C8B      	BTFSS      INTF_bit, BitPos(INTF_bit+0)
0x000C	0x280F      	GOTO       L_interrupt0
;flasher.c,9 :: 		intf_bit=0;
0x000D	0x108B      	BCF        INTF_bit, BitPos(INTF_bit+0)
;flasher.c,10 :: 		count++;
0x000E	0x0AA2      	INCF       _count, 1
;flasher.c,12 :: 		}
L_interrupt0:
;flasher.c,14 :: 		}
L_end_interrupt:
L__interrupt39:
0x000F	0x084F      	MOVF       ___savePCLATH, 0
0x0010	0x008A      	MOVWF      PCLATH
0x0011	0x0E50      	SWAPF      ___saveSTATUS, 0
0x0012	0x0083      	MOVWF      STATUS
0x0013	0x0EFF      	SWAPF      R15, 1
0x0014	0x0E7F      	SWAPF      R15, 0
0x0015	0x0009      	RETFIE
; end of _interrupt
_____DoICP:
;__Lib_System.c,6 :: 		
;__Lib_System.c,9 :: 		
0x0016	0x1283      	BCF        STATUS, 5
0x0017	0x1303      	BCF        STATUS, 6
0x0018	0x084E      	MOVF       ___DoICPAddr+1, 0
0x0019	0x008A      	MOVWF      PCLATH
;__Lib_System.c,10 :: 		
0x001A	0x084D      	MOVF       ___DoICPAddr, 0
0x001B	0x0082      	MOVWF      PCL
;__Lib_System.c,12 :: 		
L_end_____DoICP:
0x001C	0x0008      	RETURN
; end of _____DoICP
___CC2DW:
;__Lib_System.c,134 :: 		
;__Lib_System.c,137 :: 		
_CC2D_Loop1:
;__Lib_System.c,139 :: 		
0x001D	0x2016      	CALL       _____DoICP
0x001E	0x118A      	BCF        PCLATH, 3
0x001F	0x120A      	BCF        PCLATH, 4
;__Lib_System.c,141 :: 		
0x0020	0x0080      	MOVWF      INDF
;__Lib_System.c,142 :: 		
0x0021	0x0A84      	INCF       FSR, 1
;__Lib_System.c,143 :: 		
0x0022	0x0ACD      	INCF       ___DoICPAddr, 1
;__Lib_System.c,145 :: 		
0x0023	0x1903      	BTFSC      STATUS, 2
;__Lib_System.c,146 :: 		
0x0024	0x0ACE      	INCF       ___DoICPAddr+1, 1
;__Lib_System.c,147 :: 		
0x0025	0x03F0      	DECF       R0, 1
;__Lib_System.c,149 :: 		
0x0026	0x1D03      	BTFSS      STATUS, 2
;__Lib_System.c,150 :: 		
0x0027	0x281D      	GOTO       _CC2D_Loop1
;__Lib_System.c,152 :: 		
L_end___CC2DW:
0x0028	0x0008      	RETURN
; end of ___CC2DW
_main:
0x0029	0x217C      	CALL       380
;flasher.c,15 :: 		void main() {
;flasher.c,16 :: 		trisc=0;trisd=0;trisa=0;trisb=1;trise=0;
0x002A	0x1683      	BSF        STATUS, 5
0x002B	0x1303      	BCF        STATUS, 6
0x002C	0x0187      	CLRF       TRISC
0x002D	0x0188      	CLRF       TRISD
0x002E	0x0185      	CLRF       TRISA
0x002F	0x3001      	MOVLW      1
0x0030	0x0086      	MOVWF      TRISB
0x0031	0x0189      	CLRF       TRISE
;flasher.c,17 :: 		adcon1=7;
0x0032	0x3007      	MOVLW      7
0x0033	0x009F      	MOVWF      ADCON1
;flasher.c,18 :: 		gie_bit=1;      //global enable
0x0034	0x178B      	BSF        GIE_bit, BitPos(GIE_bit+0)
;flasher.c,19 :: 		inte_bit=1;     //enable
0x0035	0x160B      	BSF        INTE_bit, BitPos(INTE_bit+0)
;flasher.c,20 :: 		intedg_bit=0;   //falling edge
0x0036	0x1301      	BCF        INTEDG_bit, BitPos(INTEDG_bit+0)
;flasher.c,21 :: 		for(;;){
L_main1:
;flasher.c,22 :: 		portc=0;portd=0;porta=0;portb=0;porte=0;
0x0037	0x1283      	BCF        STATUS, 5
0x0038	0x0187      	CLRF       PORTC
0x0039	0x0188      	CLRF       PORTD
0x003A	0x0185      	CLRF       PORTA
0x003B	0x0186      	CLRF       PORTB
0x003C	0x0189      	CLRF       PORTE
;flasher.c,24 :: 		while(portb.B1==0){
L_main4:
0x003D	0x1886      	BTFSC      PORTB, 1
0x003E	0x28E6      	GOTO       L_main5
;flasher.c,25 :: 		for(i=0;i<=23;i++)
0x003F	0x01B4      	CLRF       _i
L_main6:
0x0040	0x0834      	MOVF       _i, 0
0x0041	0x3C17      	SUBLW      23
0x0042	0x1C03      	BTFSS      STATUS, 0
0x0043	0x2892      	GOTO       L_main7
;flasher.c,26 :: 		{ if(portb.b1==1) break;
0x0044	0x1C86      	BTFSS      PORTB, 1
0x0045	0x2847      	GOTO       L_main9
0x0046	0x2892      	GOTO       L_main7
L_main9:
;flasher.c,27 :: 		portc=arr1[i];
0x0047	0x0834      	MOVF       _i, 0
0x0048	0x3E35      	ADDLW      _arr1
0x0049	0x0084      	MOVWF      FSR
0x004A	0x0800      	MOVF       INDF, 0
0x004B	0x0087      	MOVWF      PORTC
;flasher.c,28 :: 		portd=arr1[i+3];
0x004C	0x3003      	MOVLW      3
0x004D	0x0734      	ADDWF      _i, 0
0x004E	0x00F0      	MOVWF      R0
0x004F	0x01F1      	CLRF       R0+1
0x0050	0x1803      	BTFSC      STATUS, 0
0x0051	0x0AF1      	INCF       R0+1, 1
0x0052	0x0870      	MOVF       R0, 0
0x0053	0x3E35      	ADDLW      _arr1
0x0054	0x0084      	MOVWF      FSR
0x0055	0x0800      	MOVF       INDF, 0
0x0056	0x0088      	MOVWF      PORTD
;flasher.c,29 :: 		porta=0b001001;
0x0057	0x3009      	MOVLW      9
0x0058	0x0085      	MOVWF      PORTA
;flasher.c,30 :: 		porte=0b100;
0x0059	0x3004      	MOVLW      4
0x005A	0x0089      	MOVWF      PORTE
;flasher.c,31 :: 		delay_ms(500);
0x005B	0x3006      	MOVLW      6
0x005C	0x00FB      	MOVWF      R11
0x005D	0x3013      	MOVLW      19
0x005E	0x00FC      	MOVWF      R12
0x005F	0x30AD      	MOVLW      173
0x0060	0x00FD      	MOVWF      R13
L_main10:
0x0061	0x0BFD      	DECFSZ     R13, 1
0x0062	0x2861      	GOTO       L_main10
0x0063	0x0BFC      	DECFSZ     R12, 1
0x0064	0x2861      	GOTO       L_main10
0x0065	0x0BFB      	DECFSZ     R11, 1
0x0066	0x2861      	GOTO       L_main10
0x0067	0x0000      	NOP
0x0068	0x0000      	NOP
;flasher.c,32 :: 		if(portd==0b00000000){
0x0069	0x0808      	MOVF       PORTD, 0
0x006A	0x3A00      	XORLW      0
0x006B	0x1D03      	BTFSS      STATUS, 2
0x006C	0x2890      	GOTO       L_main11
;flasher.c,33 :: 		while(i<=23){
L_main12:
0x006D	0x0834      	MOVF       _i, 0
0x006E	0x3C17      	SUBLW      23
0x006F	0x1C03      	BTFSS      STATUS, 0
0x0070	0x2890      	GOTO       L_main13
;flasher.c,34 :: 		portc=arr1[i];
0x0071	0x0834      	MOVF       _i, 0
0x0072	0x3E35      	ADDLW      _arr1
0x0073	0x00F0      	MOVWF      R0
0x0074	0x0870      	MOVF       R0, 0
0x0075	0x0084      	MOVWF      FSR
0x0076	0x0800      	MOVF       INDF, 0
0x0077	0x0087      	MOVWF      PORTC
;flasher.c,35 :: 		portd=arr1[i];
0x0078	0x0870      	MOVF       R0, 0
0x0079	0x0084      	MOVWF      FSR
0x007A	0x0800      	MOVF       INDF, 0
0x007B	0x0088      	MOVWF      PORTD
;flasher.c,36 :: 		porta=0b001001;
0x007C	0x3009      	MOVLW      9
0x007D	0x0085      	MOVWF      PORTA
;flasher.c,37 :: 		porte=0b010;
0x007E	0x3002      	MOVLW      2
0x007F	0x0089      	MOVWF      PORTE
;flasher.c,38 :: 		delay_ms(500);
0x0080	0x3006      	MOVLW      6
0x0081	0x00FB      	MOVWF      R11
0x0082	0x3013      	MOVLW      19
0x0083	0x00FC      	MOVWF      R12
0x0084	0x30AD      	MOVLW      173
0x0085	0x00FD      	MOVWF      R13
L_main14:
0x0086	0x0BFD      	DECFSZ     R13, 1
0x0087	0x2886      	GOTO       L_main14
0x0088	0x0BFC      	DECFSZ     R12, 1
0x0089	0x2886      	GOTO       L_main14
0x008A	0x0BFB      	DECFSZ     R11, 1
0x008B	0x2886      	GOTO       L_main14
0x008C	0x0000      	NOP
0x008D	0x0000      	NOP
;flasher.c,39 :: 		i++;
0x008E	0x0AB4      	INCF       _i, 1
;flasher.c,40 :: 		}
0x008F	0x286D      	GOTO       L_main12
L_main13:
;flasher.c,41 :: 		}
L_main11:
;flasher.c,25 :: 		for(i=0;i<=23;i++)
0x0090	0x0AB4      	INCF       _i, 1
;flasher.c,43 :: 		}
0x0091	0x2840      	GOTO       L_main6
L_main7:
;flasher.c,44 :: 		for(j=0;j<=15;j++)
0x0092	0x01A3      	CLRF       _j
L_main15:
0x0093	0x0823      	MOVF       _j, 0
0x0094	0x3C0F      	SUBLW      15
0x0095	0x1C03      	BTFSS      STATUS, 0
0x0096	0x28E5      	GOTO       L_main16
;flasher.c,45 :: 		{   if(portb.b1==1) break;
0x0097	0x1C86      	BTFSS      PORTB, 1
0x0098	0x289A      	GOTO       L_main18
0x0099	0x28E5      	GOTO       L_main16
L_main18:
;flasher.c,46 :: 		portc=arr2[j+3];
0x009A	0x3003      	MOVLW      3
0x009B	0x0723      	ADDWF      _j, 0
0x009C	0x00F0      	MOVWF      R0
0x009D	0x01F1      	CLRF       R0+1
0x009E	0x1803      	BTFSC      STATUS, 0
0x009F	0x0AF1      	INCF       R0+1, 1
0x00A0	0x0870      	MOVF       R0, 0
0x00A1	0x3E24      	ADDLW      _arr2
0x00A2	0x0084      	MOVWF      FSR
0x00A3	0x0800      	MOVF       INDF, 0
0x00A4	0x0087      	MOVWF      PORTC
;flasher.c,47 :: 		portd=arr2[j];
0x00A5	0x0823      	MOVF       _j, 0
0x00A6	0x3E24      	ADDLW      _arr2
0x00A7	0x0084      	MOVWF      FSR
0x00A8	0x0800      	MOVF       INDF, 0
0x00A9	0x0088      	MOVWF      PORTD
;flasher.c,48 :: 		porta=0b001100;
0x00AA	0x300C      	MOVLW      12
0x00AB	0x0085      	MOVWF      PORTA
;flasher.c,49 :: 		porte=0b001;
0x00AC	0x3001      	MOVLW      1
0x00AD	0x0089      	MOVWF      PORTE
;flasher.c,50 :: 		delay_ms(500);
0x00AE	0x3006      	MOVLW      6
0x00AF	0x00FB      	MOVWF      R11
0x00B0	0x3013      	MOVLW      19
0x00B1	0x00FC      	MOVWF      R12
0x00B2	0x30AD      	MOVLW      173
0x00B3	0x00FD      	MOVWF      R13
L_main19:
0x00B4	0x0BFD      	DECFSZ     R13, 1
0x00B5	0x28B4      	GOTO       L_main19
0x00B6	0x0BFC      	DECFSZ     R12, 1
0x00B7	0x28B4      	GOTO       L_main19
0x00B8	0x0BFB      	DECFSZ     R11, 1
0x00B9	0x28B4      	GOTO       L_main19
0x00BA	0x0000      	NOP
0x00BB	0x0000      	NOP
;flasher.c,51 :: 		if(portc==0b00000000){
0x00BC	0x0807      	MOVF       PORTC, 0
0x00BD	0x3A00      	XORLW      0
0x00BE	0x1D03      	BTFSS      STATUS, 2
0x00BF	0x28E3      	GOTO       L_main20
;flasher.c,52 :: 		while(j<=15){
L_main21:
0x00C0	0x0823      	MOVF       _j, 0
0x00C1	0x3C0F      	SUBLW      15
0x00C2	0x1C03      	BTFSS      STATUS, 0
0x00C3	0x28E3      	GOTO       L_main22
;flasher.c,53 :: 		portc=arr2[j];
0x00C4	0x0823      	MOVF       _j, 0
0x00C5	0x3E24      	ADDLW      _arr2
0x00C6	0x00F0      	MOVWF      R0
0x00C7	0x0870      	MOVF       R0, 0
0x00C8	0x0084      	MOVWF      FSR
0x00C9	0x0800      	MOVF       INDF, 0
0x00CA	0x0087      	MOVWF      PORTC
;flasher.c,54 :: 		portd=arr2[j];
0x00CB	0x0870      	MOVF       R0, 0
0x00CC	0x0084      	MOVWF      FSR
0x00CD	0x0800      	MOVF       INDF, 0
0x00CE	0x0088      	MOVWF      PORTD
;flasher.c,55 :: 		porta=0b001010;
0x00CF	0x300A      	MOVLW      10
0x00D0	0x0085      	MOVWF      PORTA
;flasher.c,56 :: 		porte=0b001;
0x00D1	0x3001      	MOVLW      1
0x00D2	0x0089      	MOVWF      PORTE
;flasher.c,57 :: 		delay_ms(500);
0x00D3	0x3006      	MOVLW      6
0x00D4	0x00FB      	MOVWF      R11
0x00D5	0x3013      	MOVLW      19
0x00D6	0x00FC      	MOVWF      R12
0x00D7	0x30AD      	MOVLW      173
0x00D8	0x00FD      	MOVWF      R13
L_main23:
0x00D9	0x0BFD      	DECFSZ     R13, 1
0x00DA	0x28D9      	GOTO       L_main23
0x00DB	0x0BFC      	DECFSZ     R12, 1
0x00DC	0x28D9      	GOTO       L_main23
0x00DD	0x0BFB      	DECFSZ     R11, 1
0x00DE	0x28D9      	GOTO       L_main23
0x00DF	0x0000      	NOP
0x00E0	0x0000      	NOP
;flasher.c,58 :: 		j++;
0x00E1	0x0AA3      	INCF       _j, 1
;flasher.c,59 :: 		}
0x00E2	0x28C0      	GOTO       L_main21
L_main22:
;flasher.c,60 :: 		}
L_main20:
;flasher.c,44 :: 		for(j=0;j<=15;j++)
0x00E3	0x0AA3      	INCF       _j, 1
;flasher.c,62 :: 		}
0x00E4	0x2893      	GOTO       L_main15
L_main16:
;flasher.c,63 :: 		}
0x00E5	0x283D      	GOTO       L_main4
L_main5:
;flasher.c,65 :: 		while(portb.b1==1){
L_main24:
0x00E6	0x1C86      	BTFSS      PORTB, 1
0x00E7	0x2947      	GOTO       L_main25
;flasher.c,66 :: 		if(count==1){
0x00E8	0x0822      	MOVF       _count, 0
0x00E9	0x3A01      	XORLW      1
0x00EA	0x1D03      	BTFSS      STATUS, 2
0x00EB	0x28F0      	GOTO       L_main26
;flasher.c,67 :: 		porta=0b001001;
0x00EC	0x3009      	MOVLW      9
0x00ED	0x0085      	MOVWF      PORTA
;flasher.c,68 :: 		porte=0b100;}
0x00EE	0x3004      	MOVLW      4
0x00EF	0x0089      	MOVWF      PORTE
L_main26:
;flasher.c,70 :: 		if(count==2){
0x00F0	0x0822      	MOVF       _count, 0
0x00F1	0x3A02      	XORLW      2
0x00F2	0x1D03      	BTFSS      STATUS, 2
0x00F3	0x2917      	GOTO       L_main27
;flasher.c,72 :: 		while(k>=0){
L_main28:
0x00F4	0x3000      	MOVLW      0
0x00F5	0x0221      	SUBWF      _k, 0
0x00F6	0x1C03      	BTFSS      STATUS, 0
0x00F7	0x2917      	GOTO       L_main29
;flasher.c,73 :: 		if(k==0) {k=3;
0x00F8	0x0821      	MOVF       _k, 0
0x00F9	0x3A00      	XORLW      0
0x00FA	0x1D03      	BTFSS      STATUS, 2
0x00FB	0x2901      	GOTO       L_main30
0x00FC	0x3003      	MOVLW      3
0x00FD	0x00A1      	MOVWF      _k
;flasher.c,74 :: 		count=3;
0x00FE	0x3003      	MOVLW      3
0x00FF	0x00A2      	MOVWF      _count
;flasher.c,75 :: 		break;}
0x0100	0x2917      	GOTO       L_main29
L_main30:
;flasher.c,76 :: 		porta=0b001001;
0x0101	0x3009      	MOVLW      9
0x0102	0x0085      	MOVWF      PORTA
;flasher.c,77 :: 		porte=0b010;
0x0103	0x3002      	MOVLW      2
0x0104	0x0089      	MOVWF      PORTE
;flasher.c,78 :: 		portd=k;
0x0105	0x0821      	MOVF       _k, 0
0x0106	0x0088      	MOVWF      PORTD
;flasher.c,79 :: 		delay_ms(500);
0x0107	0x3006      	MOVLW      6
0x0108	0x00FB      	MOVWF      R11
0x0109	0x3013      	MOVLW      19
0x010A	0x00FC      	MOVWF      R12
0x010B	0x30AD      	MOVLW      173
0x010C	0x00FD      	MOVWF      R13
L_main31:
0x010D	0x0BFD      	DECFSZ     R13, 1
0x010E	0x290D      	GOTO       L_main31
0x010F	0x0BFC      	DECFSZ     R12, 1
0x0110	0x290D      	GOTO       L_main31
0x0111	0x0BFB      	DECFSZ     R11, 1
0x0112	0x290D      	GOTO       L_main31
0x0113	0x0000      	NOP
0x0114	0x0000      	NOP
;flasher.c,80 :: 		k--;
0x0115	0x03A1      	DECF       _k, 1
;flasher.c,81 :: 		}
0x0116	0x28F4      	GOTO       L_main28
L_main29:
;flasher.c,82 :: 		}
L_main27:
;flasher.c,84 :: 		if(count==3){
0x0117	0x0822      	MOVF       _count, 0
0x0118	0x3A03      	XORLW      3
0x0119	0x1D03      	BTFSS      STATUS, 2
0x011A	0x291F      	GOTO       L_main32
;flasher.c,85 :: 		porta=0b001100;
0x011B	0x300C      	MOVLW      12
0x011C	0x0085      	MOVWF      PORTA
;flasher.c,86 :: 		porte=0b001;
0x011D	0x3001      	MOVLW      1
0x011E	0x0089      	MOVWF      PORTE
;flasher.c,87 :: 		}
L_main32:
;flasher.c,88 :: 		if(count==4){
0x011F	0x0822      	MOVF       _count, 0
0x0120	0x3A04      	XORLW      4
0x0121	0x1D03      	BTFSS      STATUS, 2
0x0122	0x2946      	GOTO       L_main33
;flasher.c,89 :: 		while(m>=0 ){
L_main34:
0x0123	0x3000      	MOVLW      0
0x0124	0x0220      	SUBWF      _m, 0
0x0125	0x1C03      	BTFSS      STATUS, 0
0x0126	0x2946      	GOTO       L_main35
;flasher.c,90 :: 		if (m== 0){m=3;break;}
0x0127	0x0820      	MOVF       _m, 0
0x0128	0x3A00      	XORLW      0
0x0129	0x1D03      	BTFSS      STATUS, 2
0x012A	0x292E      	GOTO       L_main36
0x012B	0x3003      	MOVLW      3
0x012C	0x00A0      	MOVWF      _m
0x012D	0x2946      	GOTO       L_main35
L_main36:
;flasher.c,91 :: 		porta=0b001010;
0x012E	0x300A      	MOVLW      10
0x012F	0x0085      	MOVWF      PORTA
;flasher.c,92 :: 		porte=0b001;
0x0130	0x3001      	MOVLW      1
0x0131	0x0089      	MOVWF      PORTE
;flasher.c,93 :: 		portc=m;
0x0132	0x0820      	MOVF       _m, 0
0x0133	0x0087      	MOVWF      PORTC
;flasher.c,94 :: 		delay_ms(500);
0x0134	0x3006      	MOVLW      6
0x0135	0x00FB      	MOVWF      R11
0x0136	0x3013      	MOVLW      19
0x0137	0x00FC      	MOVWF      R12
0x0138	0x30AD      	MOVLW      173
0x0139	0x00FD      	MOVWF      R13
L_main37:
0x013A	0x0BFD      	DECFSZ     R13, 1
0x013B	0x293A      	GOTO       L_main37
0x013C	0x0BFC      	DECFSZ     R12, 1
0x013D	0x293A      	GOTO       L_main37
0x013E	0x0BFB      	DECFSZ     R11, 1
0x013F	0x293A      	GOTO       L_main37
0x0140	0x0000      	NOP
0x0141	0x0000      	NOP
;flasher.c,95 :: 		m--;
0x0142	0x03A0      	DECF       _m, 1
;flasher.c,96 :: 		count=1;
0x0143	0x3001      	MOVLW      1
0x0144	0x00A2      	MOVWF      _count
;flasher.c,97 :: 		}
0x0145	0x2923      	GOTO       L_main34
L_main35:
;flasher.c,98 :: 		}
L_main33:
;flasher.c,101 :: 		}
0x0146	0x28E6      	GOTO       L_main24
L_main25:
;flasher.c,102 :: 		}
0x0147	0x2837      	GOTO       L_main1
;flasher.c,104 :: 		}
L_end_main:
0x0148	0x2948      	GOTO       $+0
; end of _main
0x017C	0x3020      	MOVLW      32
0x017D	0x0084      	MOVWF      FSR
0x017E	0x302D      	MOVLW      45
0x017F	0x1283      	BCF        STATUS, 5
0x0180	0x1303      	BCF        STATUS, 6
0x0181	0x00F0      	MOVWF      R0
0x0182	0x304E      	MOVLW      78
0x0183	0x00CD      	MOVWF      ___DoICPAddr
0x0184	0x3001      	MOVLW      1
0x0185	0x00CE      	MOVWF      78
0x0186	0x201D      	CALL       29
0x0187	0x0008      	RETURN
;flasher.c,0 :: ?ICS_m
0x014E	0x3403 ;?ICS_m+0
; end of ?ICS_m
;flasher.c,0 :: ?ICS_k
0x014F	0x3403 ;?ICS_k+0
; end of ?ICS_k
;flasher.c,0 :: ?ICS_count
0x0150	0x3400 ;?ICS_count+0
; end of ?ICS_count
;flasher.c,0 :: ?ICS_j
0x0151	0x3400 ;?ICS_j+0
; end of ?ICS_j
;flasher.c,0 :: ?ICS_arr2
0x0152	0x3415 ;?ICS_arr2+0
0x0153	0x3414 ;?ICS_arr2+1
0x0154	0x3413 ;?ICS_arr2+2
0x0155	0x3412 ;?ICS_arr2+3
0x0156	0x3411 ;?ICS_arr2+4
0x0157	0x3410 ;?ICS_arr2+5
0x0158	0x3409 ;?ICS_arr2+6
0x0159	0x3408 ;?ICS_arr2+7
0x015A	0x3407 ;?ICS_arr2+8
0x015B	0x3406 ;?ICS_arr2+9
0x015C	0x3405 ;?ICS_arr2+10
0x015D	0x3404 ;?ICS_arr2+11
0x015E	0x3403 ;?ICS_arr2+12
0x015F	0x3402 ;?ICS_arr2+13
0x0160	0x3401 ;?ICS_arr2+14
0x0161	0x3400 ;?ICS_arr2+15
; end of ?ICS_arr2
;flasher.c,0 :: ?ICS_i
0x0162	0x3400 ;?ICS_i+0
; end of ?ICS_i
;flasher.c,0 :: ?ICS_arr1
0x0163	0x3423 ;?ICS_arr1+0
0x0164	0x3422 ;?ICS_arr1+1
0x0165	0x3421 ;?ICS_arr1+2
0x0166	0x3420 ;?ICS_arr1+3
0x0167	0x3419 ;?ICS_arr1+4
0x0168	0x3418 ;?ICS_arr1+5
0x0169	0x3417 ;?ICS_arr1+6
0x016A	0x3416 ;?ICS_arr1+7
0x016B	0x3415 ;?ICS_arr1+8
0x016C	0x3414 ;?ICS_arr1+9
0x016D	0x3413 ;?ICS_arr1+10
0x016E	0x3412 ;?ICS_arr1+11
0x016F	0x3411 ;?ICS_arr1+12
0x0170	0x3410 ;?ICS_arr1+13
0x0171	0x3409 ;?ICS_arr1+14
0x0172	0x3408 ;?ICS_arr1+15
0x0173	0x3407 ;?ICS_arr1+16
0x0174	0x3406 ;?ICS_arr1+17
0x0175	0x3405 ;?ICS_arr1+18
0x0176	0x3404 ;?ICS_arr1+19
0x0177	0x3403 ;?ICS_arr1+20
0x0178	0x3402 ;?ICS_arr1+21
0x0179	0x3401 ;?ICS_arr1+22
0x017A	0x3400 ;?ICS_arr1+23
; end of ?ICS_arr1
Symbol List:
//** Routines locations **
//ADDRESS    SIZE    PROCEDURE
//----------------------------------------------
0x0004      [18]    _interrupt
0x0016       [7]    _____DoICP
0x001D      [12]    ___CC2DW
0x0029     [287]    _main
//** Variables locations ** 
//ADDRESS    SIZE    VARIABLE
//----------------------------------------------
0x0000       [1]    INDF
0x0002       [1]    PCL
0x0003       [1]    STATUS
0x0004       [1]    FSR
0x0005       [1]    PORTA
0x0006       [1]    PORTB
0x0007       [1]    PORTC
0x0008       [1]    PORTD
0x0009       [1]    PORTE
0x000A       [1]    PCLATH
0x000B       [0]    GIE_bit
0x000B       [0]    INTE_bit
0x000B       [0]    INTF_bit
0x0020       [1]    _m
0x0021       [1]    _k
0x0022       [1]    _count
0x0023       [1]    _j
0x0024      [16]    _arr2
0x0034       [1]    _i
0x0035      [24]    _arr1
0x004D       [2]    ___DoICPAddr
0x004F       [1]    ___savePCLATH
0x0050       [1]    ___saveSTATUS
0x0070       [1]    R0
0x0071       [1]    R1
0x0072       [1]    R2
0x0073       [1]    R3
0x0074       [1]    R4
0x0075       [1]    R5
0x0076       [1]    R6
0x0077       [1]    R7
0x0078       [1]    R8
0x0079       [1]    R9
0x007A       [1]    R10
0x007B       [1]    R11
0x007C       [1]    R12
0x007D       [1]    R13
0x007E       [1]    R14
0x007F       [1]    R15
0x0081       [0]    INTEDG_bit
0x0085       [1]    TRISA
0x0086       [1]    TRISB
0x0087       [1]    TRISC
0x0088       [1]    TRISD
0x0089       [1]    TRISE
0x009F       [1]    ADCON1
//** Constants locations ** 
//ADDRESS    SIZE    CONSTANT
//----------------------------------------------
0x014E       [1]    ?ICS_m
0x014F       [1]    ?ICS_k
0x0150       [1]    ?ICS_count
0x0151       [1]    ?ICS_j
0x0152      [16]    ?ICS_arr2
0x0162       [1]    ?ICS_i
0x0163      [24]    ?ICS_arr1
//** Label List: ** 
//----------------------------------------------
  L_interrupt0
  L_main1
  L_main2
  L_main3
  L_main4
  L_main5
  L_main6
  L_main7
  L_main8
  L_main9
  L_main10
  L_main11
  L_main12
  L_main13
  L_main14
  L_main15
  L_main16
  L_main17
  L_main18
  L_main19
  L_main20
  L_main21
  L_main22
  L_main23
  L_main24
  L_main25
  L_main26
  L_main27
  L_main28
  L_main29
  L_main30
  L_main31
  L_main32
  L_main33
  L_main34
  L_main35
  L_main36
  L_main37
  L_end_interrupt
  _interrupt
  L__interrupt39
  L_end_main
  _main
  L_loopCA2AWs
  L_CA2AWend
  _CCA2AW_Loop1
  L_loopCS2Ss
  L_CS2Send
  _CCS2S_Loop1
  L_CCS2Send
  L_loopFZinSWs
  L_FZinSend
  _CC2D_Loop1
  L_end_____DoICP
  _____DoICP
  L_end_____DoIFC
  _____DoIFC
  L_end___CA2AW
  ___CA2AW
  L_end___CCA2AW
  ___CCA2AW
  L_end___CS2S
  ___CS2S
  L_end___CCS2S
  ___CCS2S
  L_end___FZinS
  ___FZinS
  L_end___CC2DW
  ___CC2DW
  L_end_Swap
  _Swap
  L_interrupt0
  L_main1
  L_main2
  L_main3
  L_main4
  L_main5
  L_main6
  L_main7
  L_main8
  L_main9
  L_main10
  L_main11
  L_main12
  L_main13
  L_main14
  L_main15
  L_main16
  L_main17
  L_main18
  L_main19
  L_main20
  L_main21
  L_main22
  L_main23
  L_main24
  L_main25
  L_main26
  L_main27
  L_main28
  L_main29
  L_main30
  L_main31
  L_main32
  L_main33
  L_main34
  L_main35
  L_main36
  L_main37
  L_end_interrupt
  _interrupt
  L__interrupt39
  L_end_main
  _main
